<?xml version="1.0" encoding="UTF-8"?>
<!-- Generated by org.testng.reporters.JUnitReportReporter -->
<testsuite hostname="Ishans-MBP" failures="0" tests="1" name="webDriverDay6.jsexecutor.AWikiWD" time="18.054" errors="0" timestamp="7 Apr 2022 10:54:10 GMT">
  <testcase classname="webDriverDay6.jsexecutor.AWikiWD" name="testTCWikiKetantest" time="18.054"/>
</testsuite> <!-- webDriverDay6.jsexecutor.AWikiWD -->
