<?xml version="1.0" encoding="UTF-8"?>
<!-- Generated by org.testng.reporters.JUnitReportReporter -->
<testsuite hostname="Ishans-MBP" failures="0" tests="1" name="webDriverDay6.jsexecutor.AWikiWD" time="23.779" errors="0" timestamp="6 Apr 2022 13:17:36 GMT">
  <testcase classname="webDriverDay6.jsexecutor.AWikiWD" name="testTCWikiKetantest" time="23.779"/>
</testsuite> <!-- webDriverDay6.jsexecutor.AWikiWD -->
